<?xml version="1.0" encoding="UTF-8"?>
<!-- Generated by org.testng.reporters.JUnitXMLReporter -->
<testsuite hostname="LAPTOP-MNL8F5BN" ignored="0" name="Test" tests="5" failures="1" timestamp="2021-10-22T20:48:45 IST" time="0.043" errors="0">
  <testcase name="sampleTest" time="0.005" classname="com.mmt.practise.classretryanalyzer">
    <skipped/>
  </testcase> <!-- sampleTest -->
  <testcase name="sampleTest" time="0.001" classname="com.mmt.practise.classretryanalyzer">
    <skipped/>
  </testcase> <!-- sampleTest -->
  <testcase name="sampleTest" time="0.001" classname="com.mmt.practise.classretryanalyzer">
    <skipped/>
  </testcase> <!-- sampleTest -->
  <testcase name="sampleTest" time="0.001" classname="com.mmt.practise.classretryanalyzer">
    <skipped/>
  </testcase> <!-- sampleTest -->
  <testcase name="sampleTest" time="0.001" classname="com.mmt.practise.classretryanalyzer">
    <failure type="java.lang.ArithmeticException" message="/ by zero">
      <![CDATA[java.lang.ArithmeticException: / by zero
at com.mmt.practise.classretryanalyzer.sampleTest(classretryanalyzer.java:9)
at java.util.ArrayList.forEach(ArrayList.java:1249)
... Removed 27 stack frames]]>
    </failure>
  </testcase> <!-- sampleTest -->
</testsuite> <!-- Test -->
